<?xml version="1.0" encoding="UTF-8"?>
<!-- Generated by org.testng.reporters.JUnitReportReporter -->
<testsuite hostname="DESKTOP-USQA3O2" failures="0" tests="3" name="mainKart.mainKart" time="77.160" errors="0" timestamp="2025-12-27T00:26:10 IST" skipped="2">
  <testcase classname="mainKart.mainKart" name="mainDynamicAdd" time="77.160"/>
  <testcase classname="mainKart.mainKart" name="Cartsitems">
    <skipped/>
  </testcase> <!-- Cartsitems -->
  <testcase classname="mainKart.mainKart" name="threeItems">
    <skipped/>
  </testcase> <!-- threeItems -->
</testsuite> <!-- mainKart.mainKart -->
