<?xml version="1.0" encoding="UTF-8"?>
<testng-results ignored="0" total="1" passed="0" failed="1" skipped="0">
  <reporter-output>
  </reporter-output>
  <suite started-at="2026-01-12T22:58:51 IST" name="Default suite" finished-at="2026-01-12T23:01:15 IST" duration-ms="144126">
    <groups>
    </groups>
    <test started-at="2026-01-12T22:58:51 IST" name="Default test" finished-at="2026-01-12T23:01:15 IST" duration-ms="144126">
      <class name="com.tcs.greenKart.NewTopicListener">
        <test-method is-config="true" signature="launchBrower()[pri:0, instance:com.tcs.greenKart.NewTopicListener@2d710f1a]" started-at="2026-01-12T22:58:51 IST" name="launchBrower" finished-at="2026-01-12T23:00:42 IST" duration-ms="110325" status="PASS">
          <reporter-output>
          </reporter-output>
        </test-method> <!-- launchBrower -->
        <test-method signature="LoginwithValid()[pri:0, instance:com.tcs.greenKart.NewTopicListener@2d710f1a]" started-at="2026-01-12T23:00:42 IST" name="LoginwithValid" finished-at="2026-01-12T23:00:49 IST" duration-ms="7358" status="FAIL">
          <exception class="java.lang.NullPointerException">
            <full-stacktrace>
              <![CDATA[java.lang.NullPointerException
at com.tcs.greenKart.NewTopicListener.LoginwithValid(NewTopicListener.java:33)
at java.base/jdk.internal.reflect.NativeMethodAccessorImpl.invoke0(Native Method)
at java.base/jdk.internal.reflect.NativeMethodAccessorImpl.invoke(NativeMethodAccessorImpl.java:62)
at java.base/jdk.internal.reflect.DelegatingMethodAccessorImpl.invoke(DelegatingMethodAccessorImpl.java:43)
at java.base/java.lang.reflect.Method.invoke(Method.java:566)
at org.testng.internal.invokers.MethodInvocationHelper.invokeMethod(MethodInvocationHelper.java:139)
at org.testng.internal.invokers.TestInvoker.invokeMethod(TestInvoker.java:664)
at org.testng.internal.invokers.TestInvoker.invokeTestMethod(TestInvoker.java:228)
at org.testng.internal.invokers.MethodRunner.runInSequence(MethodRunner.java:63)
at org.testng.internal.invokers.TestInvoker$MethodInvocationAgent.invoke(TestInvoker.java:961)
at org.testng.internal.invokers.TestInvoker.invokeTestMethods(TestInvoker.java:201)
at org.testng.internal.invokers.TestMethodWorker.invokeTestMethods(TestMethodWorker.java:148)
at org.testng.internal.invokers.TestMethodWorker.run(TestMethodWorker.java:128)
at java.base/java.util.ArrayList.forEach(ArrayList.java:1541)
at org.testng.TestRunner.privateRun(TestRunner.java:819)
at org.testng.TestRunner.run(TestRunner.java:619)
at org.testng.SuiteRunner.runTest(SuiteRunner.java:443)
at org.testng.SuiteRunner.runSequentially(SuiteRunner.java:437)
at org.testng.SuiteRunner.privateRun(SuiteRunner.java:397)
at org.testng.SuiteRunner.run(SuiteRunner.java:336)
at org.testng.SuiteRunnerWorker.runSuite(SuiteRunnerWorker.java:52)
at org.testng.SuiteRunnerWorker.run(SuiteRunnerWorker.java:95)
at org.testng.TestNG.runSuitesSequentially(TestNG.java:1301)
at org.testng.TestNG.runSuitesLocally(TestNG.java:1228)
at org.testng.TestNG.runSuites(TestNG.java:1134)
at org.testng.TestNG.run(TestNG.java:1101)
at org.testng.remote.AbstractRemoteTestNG.run(AbstractRemoteTestNG.java:115)
at org.testng.remote.RemoteTestNG.initAndRun(RemoteTestNG.java:293)
at org.testng.remote.RemoteTestNG.main(RemoteTestNG.java:91)
]]>
            </full-stacktrace>
          </exception> <!-- java.lang.NullPointerException -->
          <reporter-output>
          </reporter-output>
        </test-method> <!-- LoginwithValid -->
        <test-method is-config="true" signature="close()[pri:0, instance:com.tcs.greenKart.NewTopicListener@2d710f1a]" started-at="2026-01-12T23:00:58 IST" name="close" finished-at="2026-01-12T23:01:15 IST" duration-ms="16541" status="PASS">
          <reporter-output>
          </reporter-output>
        </test-method> <!-- close -->
      </class> <!-- com.tcs.greenKart.NewTopicListener -->
    </test> <!-- Default test -->
  </suite> <!-- Default suite -->
</testng-results>
